have_library: checking for socket() in -lsocket... -------------------- no

"gcc -o conftest -I/home/pragmatic/.rvm/rubies/ruby-1.9.2-p290/include/ruby-1.9.1/i686-linux -I/home/pragmatic/.rvm/rubies/ruby-1.9.2-p290/include/ruby-1.9.1/ruby/backward -I/home/pragmatic/.rvm/rubies/ruby-1.9.2-p290/include/ruby-1.9.1 -I.  -D_FILE_OFFSET_BITS=64   -O3 -ggdb -Wextra -Wno-unused-parameter -Wno-parentheses -Wpointer-arith -Wwrite-strings -Wno-missing-field-initializers -Wno-long-long  -fPIC conftest.c  -L. -L/home/pragmatic/.rvm/rubies/ruby-1.9.2-p290/lib -Wl,-R/home/pragmatic/.rvm/rubies/ruby-1.9.2-p290/lib -L/home/pragmatic/.rvm/rubies/ruby-1.9.2-p290/lib -Wl,-R/home/pragmatic/.rvm/rubies/ruby-1.9.2-p290/lib -L.  -rdynamic -Wl,-export-dynamic     -Wl,-R -Wl,/home/pragmatic/.rvm/rubies/ruby-1.9.2-p290/lib -L/home/pragmatic/.rvm/rubies/ruby-1.9.2-p290/lib -lruby-static  -lpthread -lrt -ldl -lcrypt -lm   -lc"
checked program was:
/* begin */
1: #include "ruby.h"
2: 
3: int main() {return 0;}
/* end */

"gcc -o conftest -I/home/pragmatic/.rvm/rubies/ruby-1.9.2-p290/include/ruby-1.9.1/i686-linux -I/home/pragmatic/.rvm/rubies/ruby-1.9.2-p290/include/ruby-1.9.1/ruby/backward -I/home/pragmatic/.rvm/rubies/ruby-1.9.2-p290/include/ruby-1.9.1 -I.  -D_FILE_OFFSET_BITS=64   -O3 -ggdb -Wextra -Wno-unused-parameter -Wno-parentheses -Wpointer-arith -Wwrite-strings -Wno-missing-field-initializers -Wno-long-long  -fPIC conftest.c  -L. -L/home/pragmatic/.rvm/rubies/ruby-1.9.2-p290/lib -Wl,-R/home/pragmatic/.rvm/rubies/ruby-1.9.2-p290/lib -L/home/pragmatic/.rvm/rubies/ruby-1.9.2-p290/lib -Wl,-R/home/pragmatic/.rvm/rubies/ruby-1.9.2-p290/lib -L.  -rdynamic -Wl,-export-dynamic     -Wl,-R -Wl,/home/pragmatic/.rvm/rubies/ruby-1.9.2-p290/lib -L/home/pragmatic/.rvm/rubies/ruby-1.9.2-p290/lib -lruby-static -lsocket  -lpthread -lrt -ldl -lcrypt -lm   -lc"
conftest.c: In function ‘t’:
conftest.c:5: error: ‘socket’ undeclared (first use in this function)
conftest.c:5: error: (Each undeclared identifier is reported only once
conftest.c:5: error: for each function it appears in.)
checked program was:
/* begin */
1: #include "ruby.h"
2: 
3: /*top*/
4: int main() {return 0;}
5: int t() { void ((*volatile p)()); p = (void ((*)()))socket; return 0; }
/* end */

"gcc -o conftest -I/home/pragmatic/.rvm/rubies/ruby-1.9.2-p290/include/ruby-1.9.1/i686-linux -I/home/pragmatic/.rvm/rubies/ruby-1.9.2-p290/include/ruby-1.9.1/ruby/backward -I/home/pragmatic/.rvm/rubies/ruby-1.9.2-p290/include/ruby-1.9.1 -I.  -D_FILE_OFFSET_BITS=64   -O3 -ggdb -Wextra -Wno-unused-parameter -Wno-parentheses -Wpointer-arith -Wwrite-strings -Wno-missing-field-initializers -Wno-long-long  -fPIC conftest.c  -L. -L/home/pragmatic/.rvm/rubies/ruby-1.9.2-p290/lib -Wl,-R/home/pragmatic/.rvm/rubies/ruby-1.9.2-p290/lib -L/home/pragmatic/.rvm/rubies/ruby-1.9.2-p290/lib -Wl,-R/home/pragmatic/.rvm/rubies/ruby-1.9.2-p290/lib -L.  -rdynamic -Wl,-export-dynamic     -Wl,-R -Wl,/home/pragmatic/.rvm/rubies/ruby-1.9.2-p290/lib -L/home/pragmatic/.rvm/rubies/ruby-1.9.2-p290/lib -lruby-static -lsocket  -lpthread -lrt -ldl -lcrypt -lm   -lc"
/usr/bin/ld: cannot find -lsocket
collect2: ld returned 1 exit status
checked program was:
/* begin */
1: #include "ruby.h"
2: 
3: /*top*/
4: int main() {return 0;}
5: int t() { socket(); return 0; }
/* end */

--------------------

have_library: checking for gethostbyname() in -lnsl... -------------------- yes

"gcc -o conftest -I/home/pragmatic/.rvm/rubies/ruby-1.9.2-p290/include/ruby-1.9.1/i686-linux -I/home/pragmatic/.rvm/rubies/ruby-1.9.2-p290/include/ruby-1.9.1/ruby/backward -I/home/pragmatic/.rvm/rubies/ruby-1.9.2-p290/include/ruby-1.9.1 -I.  -D_FILE_OFFSET_BITS=64   -O3 -ggdb -Wextra -Wno-unused-parameter -Wno-parentheses -Wpointer-arith -Wwrite-strings -Wno-missing-field-initializers -Wno-long-long  -fPIC conftest.c  -L. -L/home/pragmatic/.rvm/rubies/ruby-1.9.2-p290/lib -Wl,-R/home/pragmatic/.rvm/rubies/ruby-1.9.2-p290/lib -L/home/pragmatic/.rvm/rubies/ruby-1.9.2-p290/lib -Wl,-R/home/pragmatic/.rvm/rubies/ruby-1.9.2-p290/lib -L.  -rdynamic -Wl,-export-dynamic     -Wl,-R -Wl,/home/pragmatic/.rvm/rubies/ruby-1.9.2-p290/lib -L/home/pragmatic/.rvm/rubies/ruby-1.9.2-p290/lib -lruby-static -lnsl  -lpthread -lrt -ldl -lcrypt -lm   -lc"
conftest.c: In function ‘t’:
conftest.c:5: error: ‘gethostbyname’ undeclared (first use in this function)
conftest.c:5: error: (Each undeclared identifier is reported only once
conftest.c:5: error: for each function it appears in.)
checked program was:
/* begin */
1: #include "ruby.h"
2: 
3: /*top*/
4: int main() {return 0;}
5: int t() { void ((*volatile p)()); p = (void ((*)()))gethostbyname; return 0; }
/* end */

"gcc -o conftest -I/home/pragmatic/.rvm/rubies/ruby-1.9.2-p290/include/ruby-1.9.1/i686-linux -I/home/pragmatic/.rvm/rubies/ruby-1.9.2-p290/include/ruby-1.9.1/ruby/backward -I/home/pragmatic/.rvm/rubies/ruby-1.9.2-p290/include/ruby-1.9.1 -I.  -D_FILE_OFFSET_BITS=64   -O3 -ggdb -Wextra -Wno-unused-parameter -Wno-parentheses -Wpointer-arith -Wwrite-strings -Wno-missing-field-initializers -Wno-long-long  -fPIC conftest.c  -L. -L/home/pragmatic/.rvm/rubies/ruby-1.9.2-p290/lib -Wl,-R/home/pragmatic/.rvm/rubies/ruby-1.9.2-p290/lib -L/home/pragmatic/.rvm/rubies/ruby-1.9.2-p290/lib -Wl,-R/home/pragmatic/.rvm/rubies/ruby-1.9.2-p290/lib -L.  -rdynamic -Wl,-export-dynamic     -Wl,-R -Wl,/home/pragmatic/.rvm/rubies/ruby-1.9.2-p290/lib -L/home/pragmatic/.rvm/rubies/ruby-1.9.2-p290/lib -lruby-static -lnsl  -lpthread -lrt -ldl -lcrypt -lm   -lc"
checked program was:
/* begin */
1: #include "ruby.h"
2: 
3: /*top*/
4: int main() {return 0;}
5: int t() { gethostbyname(); return 0; }
/* end */

--------------------

have_library: checking for atan() in -lm... -------------------- no

"gcc -o conftest -I/home/pragmatic/.rvm/rubies/ruby-1.9.2-p290/include/ruby-1.9.1/i686-linux -I/home/pragmatic/.rvm/rubies/ruby-1.9.2-p290/include/ruby-1.9.1/ruby/backward -I/home/pragmatic/.rvm/rubies/ruby-1.9.2-p290/include/ruby-1.9.1 -I.  -D_FILE_OFFSET_BITS=64   -O3 -ggdb -Wextra -Wno-unused-parameter -Wno-parentheses -Wpointer-arith -Wwrite-strings -Wno-missing-field-initializers -Wno-long-long  -fPIC conftest.c  -L. -L/home/pragmatic/.rvm/rubies/ruby-1.9.2-p290/lib -Wl,-R/home/pragmatic/.rvm/rubies/ruby-1.9.2-p290/lib -L/home/pragmatic/.rvm/rubies/ruby-1.9.2-p290/lib -Wl,-R/home/pragmatic/.rvm/rubies/ruby-1.9.2-p290/lib -L.  -rdynamic -Wl,-export-dynamic    -lnsl  -Wl,-R -Wl,/home/pragmatic/.rvm/rubies/ruby-1.9.2-p290/lib -L/home/pragmatic/.rvm/rubies/ruby-1.9.2-p290/lib -lruby-static -lm -lnsl  -lpthread -lrt -ldl -lcrypt -lm   -lc"
conftest.c: In function ‘t’:
conftest.c:5: error: ‘atan’ undeclared (first use in this function)
conftest.c:5: error: (Each undeclared identifier is reported only once
conftest.c:5: error: for each function it appears in.)
checked program was:
/* begin */
1: #include "ruby.h"
2: 
3: /*top*/
4: int main() {return 0;}
5: int t() { void ((*volatile p)()); p = (void ((*)()))atan; return 0; }
/* end */

"gcc -o conftest -I/home/pragmatic/.rvm/rubies/ruby-1.9.2-p290/include/ruby-1.9.1/i686-linux -I/home/pragmatic/.rvm/rubies/ruby-1.9.2-p290/include/ruby-1.9.1/ruby/backward -I/home/pragmatic/.rvm/rubies/ruby-1.9.2-p290/include/ruby-1.9.1 -I.  -D_FILE_OFFSET_BITS=64   -O3 -ggdb -Wextra -Wno-unused-parameter -Wno-parentheses -Wpointer-arith -Wwrite-strings -Wno-missing-field-initializers -Wno-long-long  -fPIC conftest.c  -L. -L/home/pragmatic/.rvm/rubies/ruby-1.9.2-p290/lib -Wl,-R/home/pragmatic/.rvm/rubies/ruby-1.9.2-p290/lib -L/home/pragmatic/.rvm/rubies/ruby-1.9.2-p290/lib -Wl,-R/home/pragmatic/.rvm/rubies/ruby-1.9.2-p290/lib -L.  -rdynamic -Wl,-export-dynamic    -lnsl  -Wl,-R -Wl,/home/pragmatic/.rvm/rubies/ruby-1.9.2-p290/lib -L/home/pragmatic/.rvm/rubies/ruby-1.9.2-p290/lib -lruby-static -lm -lnsl  -lpthread -lrt -ldl -lcrypt -lm   -lc"
conftest.c: In function ‘t’:
conftest.c:5: warning: incompatible implicit declaration of built-in function ‘atan’
conftest.c:5: error: too few arguments to function ‘atan’
checked program was:
/* begin */
1: #include "ruby.h"
2: 
3: /*top*/
4: int main() {return 0;}
5: int t() { atan(); return 0; }
/* end */

--------------------

have_library: checking for atan() in -lm... -------------------- yes

"gcc -o conftest -I/home/pragmatic/.rvm/rubies/ruby-1.9.2-p290/include/ruby-1.9.1/i686-linux -I/home/pragmatic/.rvm/rubies/ruby-1.9.2-p290/include/ruby-1.9.1/ruby/backward -I/home/pragmatic/.rvm/rubies/ruby-1.9.2-p290/include/ruby-1.9.1 -I.  -D_FILE_OFFSET_BITS=64   -O3 -ggdb -Wextra -Wno-unused-parameter -Wno-parentheses -Wpointer-arith -Wwrite-strings -Wno-missing-field-initializers -Wno-long-long  -fPIC -fno-builtin conftest.c  -L. -L/home/pragmatic/.rvm/rubies/ruby-1.9.2-p290/lib -Wl,-R/home/pragmatic/.rvm/rubies/ruby-1.9.2-p290/lib -L/home/pragmatic/.rvm/rubies/ruby-1.9.2-p290/lib -Wl,-R/home/pragmatic/.rvm/rubies/ruby-1.9.2-p290/lib -L.  -rdynamic -Wl,-export-dynamic    -lnsl  -Wl,-R -Wl,/home/pragmatic/.rvm/rubies/ruby-1.9.2-p290/lib -L/home/pragmatic/.rvm/rubies/ruby-1.9.2-p290/lib -lruby-static -lm -lnsl  -lpthread -lrt -ldl -lcrypt -lm   -lc"
conftest.c: In function ‘t’:
conftest.c:5: error: ‘atan’ undeclared (first use in this function)
conftest.c:5: error: (Each undeclared identifier is reported only once
conftest.c:5: error: for each function it appears in.)
checked program was:
/* begin */
1: #include "ruby.h"
2: 
3: /*top*/
4: int main() {return 0;}
5: int t() { void ((*volatile p)()); p = (void ((*)()))atan; return 0; }
/* end */

"gcc -o conftest -I/home/pragmatic/.rvm/rubies/ruby-1.9.2-p290/include/ruby-1.9.1/i686-linux -I/home/pragmatic/.rvm/rubies/ruby-1.9.2-p290/include/ruby-1.9.1/ruby/backward -I/home/pragmatic/.rvm/rubies/ruby-1.9.2-p290/include/ruby-1.9.1 -I.  -D_FILE_OFFSET_BITS=64   -O3 -ggdb -Wextra -Wno-unused-parameter -Wno-parentheses -Wpointer-arith -Wwrite-strings -Wno-missing-field-initializers -Wno-long-long  -fPIC -fno-builtin conftest.c  -L. -L/home/pragmatic/.rvm/rubies/ruby-1.9.2-p290/lib -Wl,-R/home/pragmatic/.rvm/rubies/ruby-1.9.2-p290/lib -L/home/pragmatic/.rvm/rubies/ruby-1.9.2-p290/lib -Wl,-R/home/pragmatic/.rvm/rubies/ruby-1.9.2-p290/lib -L.  -rdynamic -Wl,-export-dynamic    -lnsl  -Wl,-R -Wl,/home/pragmatic/.rvm/rubies/ruby-1.9.2-p290/lib -L/home/pragmatic/.rvm/rubies/ruby-1.9.2-p290/lib -lruby-static -lm -lnsl  -lpthread -lrt -ldl -lcrypt -lm   -lc"
checked program was:
/* begin */
1: #include "ruby.h"
2: 
3: /*top*/
4: int main() {return 0;}
5: int t() { atan(); return 0; }
/* end */

--------------------

have_library: checking for inflate() in -lz... -------------------- yes

"gcc -o conftest -I/home/pragmatic/.rvm/rubies/ruby-1.9.2-p290/include/ruby-1.9.1/i686-linux -I/home/pragmatic/.rvm/rubies/ruby-1.9.2-p290/include/ruby-1.9.1/ruby/backward -I/home/pragmatic/.rvm/rubies/ruby-1.9.2-p290/include/ruby-1.9.1 -I.  -D_FILE_OFFSET_BITS=64   -O3 -ggdb -Wextra -Wno-unused-parameter -Wno-parentheses -Wpointer-arith -Wwrite-strings -Wno-missing-field-initializers -Wno-long-long  -fPIC conftest.c  -L. -L/home/pragmatic/.rvm/rubies/ruby-1.9.2-p290/lib -Wl,-R/home/pragmatic/.rvm/rubies/ruby-1.9.2-p290/lib -L/home/pragmatic/.rvm/rubies/ruby-1.9.2-p290/lib -Wl,-R/home/pragmatic/.rvm/rubies/ruby-1.9.2-p290/lib -L.  -rdynamic -Wl,-export-dynamic    -lm -lnsl  -Wl,-R -Wl,/home/pragmatic/.rvm/rubies/ruby-1.9.2-p290/lib -L/home/pragmatic/.rvm/rubies/ruby-1.9.2-p290/lib -lruby-static -lz -lm -lnsl  -lpthread -lrt -ldl -lcrypt -lm   -lc"
conftest.c: In function ‘t’:
conftest.c:5: error: ‘inflate’ undeclared (first use in this function)
conftest.c:5: error: (Each undeclared identifier is reported only once
conftest.c:5: error: for each function it appears in.)
checked program was:
/* begin */
1: #include "ruby.h"
2: 
3: /*top*/
4: int main() {return 0;}
5: int t() { void ((*volatile p)()); p = (void ((*)()))inflate; return 0; }
/* end */

"gcc -o conftest -I/home/pragmatic/.rvm/rubies/ruby-1.9.2-p290/include/ruby-1.9.1/i686-linux -I/home/pragmatic/.rvm/rubies/ruby-1.9.2-p290/include/ruby-1.9.1/ruby/backward -I/home/pragmatic/.rvm/rubies/ruby-1.9.2-p290/include/ruby-1.9.1 -I.  -D_FILE_OFFSET_BITS=64   -O3 -ggdb -Wextra -Wno-unused-parameter -Wno-parentheses -Wpointer-arith -Wwrite-strings -Wno-missing-field-initializers -Wno-long-long  -fPIC conftest.c  -L. -L/home/pragmatic/.rvm/rubies/ruby-1.9.2-p290/lib -Wl,-R/home/pragmatic/.rvm/rubies/ruby-1.9.2-p290/lib -L/home/pragmatic/.rvm/rubies/ruby-1.9.2-p290/lib -Wl,-R/home/pragmatic/.rvm/rubies/ruby-1.9.2-p290/lib -L.  -rdynamic -Wl,-export-dynamic    -lm -lnsl  -Wl,-R -Wl,/home/pragmatic/.rvm/rubies/ruby-1.9.2-p290/lib -L/home/pragmatic/.rvm/rubies/ruby-1.9.2-p290/lib -lruby-static -lz -lm -lnsl  -lpthread -lrt -ldl -lcrypt -lm   -lc"
checked program was:
/* begin */
1: #include "ruby.h"
2: 
3: /*top*/
4: int main() {return 0;}
5: int t() { inflate(); return 0; }
/* end */

--------------------

have_library: checking for iconv_open() in -liconv... -------------------- no

"gcc -o conftest -I/home/pragmatic/.rvm/rubies/ruby-1.9.2-p290/include/ruby-1.9.1/i686-linux -I/home/pragmatic/.rvm/rubies/ruby-1.9.2-p290/include/ruby-1.9.1/ruby/backward -I/home/pragmatic/.rvm/rubies/ruby-1.9.2-p290/include/ruby-1.9.1 -I.  -D_FILE_OFFSET_BITS=64   -O3 -ggdb -Wextra -Wno-unused-parameter -Wno-parentheses -Wpointer-arith -Wwrite-strings -Wno-missing-field-initializers -Wno-long-long  -fPIC conftest.c  -L. -L/home/pragmatic/.rvm/rubies/ruby-1.9.2-p290/lib -Wl,-R/home/pragmatic/.rvm/rubies/ruby-1.9.2-p290/lib -L/home/pragmatic/.rvm/rubies/ruby-1.9.2-p290/lib -Wl,-R/home/pragmatic/.rvm/rubies/ruby-1.9.2-p290/lib -L.  -rdynamic -Wl,-export-dynamic    -lz -lm -lnsl  -Wl,-R -Wl,/home/pragmatic/.rvm/rubies/ruby-1.9.2-p290/lib -L/home/pragmatic/.rvm/rubies/ruby-1.9.2-p290/lib -lruby-static -liconv -lz -lm -lnsl  -lpthread -lrt -ldl -lcrypt -lm   -lc"
conftest.c: In function ‘t’:
conftest.c:5: error: ‘iconv_open’ undeclared (first use in this function)
conftest.c:5: error: (Each undeclared identifier is reported only once
conftest.c:5: error: for each function it appears in.)
checked program was:
/* begin */
1: #include "ruby.h"
2: 
3: /*top*/
4: int main() {return 0;}
5: int t() { void ((*volatile p)()); p = (void ((*)()))iconv_open; return 0; }
/* end */

"gcc -o conftest -I/home/pragmatic/.rvm/rubies/ruby-1.9.2-p290/include/ruby-1.9.1/i686-linux -I/home/pragmatic/.rvm/rubies/ruby-1.9.2-p290/include/ruby-1.9.1/ruby/backward -I/home/pragmatic/.rvm/rubies/ruby-1.9.2-p290/include/ruby-1.9.1 -I.  -D_FILE_OFFSET_BITS=64   -O3 -ggdb -Wextra -Wno-unused-parameter -Wno-parentheses -Wpointer-arith -Wwrite-strings -Wno-missing-field-initializers -Wno-long-long  -fPIC conftest.c  -L. -L/home/pragmatic/.rvm/rubies/ruby-1.9.2-p290/lib -Wl,-R/home/pragmatic/.rvm/rubies/ruby-1.9.2-p290/lib -L/home/pragmatic/.rvm/rubies/ruby-1.9.2-p290/lib -Wl,-R/home/pragmatic/.rvm/rubies/ruby-1.9.2-p290/lib -L.  -rdynamic -Wl,-export-dynamic    -lz -lm -lnsl  -Wl,-R -Wl,/home/pragmatic/.rvm/rubies/ruby-1.9.2-p290/lib -L/home/pragmatic/.rvm/rubies/ruby-1.9.2-p290/lib -lruby-static -liconv -lz -lm -lnsl  -lpthread -lrt -ldl -lcrypt -lm   -lc"
/usr/bin/ld: cannot find -liconv
collect2: ld returned 1 exit status
checked program was:
/* begin */
1: #include "ruby.h"
2: 
3: /*top*/
4: int main() {return 0;}
5: int t() { iconv_open(); return 0; }
/* end */

--------------------

have_library: checking for libiconv_open() in -liconv... -------------------- no

"gcc -o conftest -I/home/pragmatic/.rvm/rubies/ruby-1.9.2-p290/include/ruby-1.9.1/i686-linux -I/home/pragmatic/.rvm/rubies/ruby-1.9.2-p290/include/ruby-1.9.1/ruby/backward -I/home/pragmatic/.rvm/rubies/ruby-1.9.2-p290/include/ruby-1.9.1 -I.  -D_FILE_OFFSET_BITS=64   -O3 -ggdb -Wextra -Wno-unused-parameter -Wno-parentheses -Wpointer-arith -Wwrite-strings -Wno-missing-field-initializers -Wno-long-long  -fPIC conftest.c  -L. -L/home/pragmatic/.rvm/rubies/ruby-1.9.2-p290/lib -Wl,-R/home/pragmatic/.rvm/rubies/ruby-1.9.2-p290/lib -L/home/pragmatic/.rvm/rubies/ruby-1.9.2-p290/lib -Wl,-R/home/pragmatic/.rvm/rubies/ruby-1.9.2-p290/lib -L.  -rdynamic -Wl,-export-dynamic    -lz -lm -lnsl  -Wl,-R -Wl,/home/pragmatic/.rvm/rubies/ruby-1.9.2-p290/lib -L/home/pragmatic/.rvm/rubies/ruby-1.9.2-p290/lib -lruby-static -liconv -lz -lm -lnsl  -lpthread -lrt -ldl -lcrypt -lm   -lc"
conftest.c: In function ‘t’:
conftest.c:5: error: ‘libiconv_open’ undeclared (first use in this function)
conftest.c:5: error: (Each undeclared identifier is reported only once
conftest.c:5: error: for each function it appears in.)
checked program was:
/* begin */
1: #include "ruby.h"
2: 
3: /*top*/
4: int main() {return 0;}
5: int t() { void ((*volatile p)()); p = (void ((*)()))libiconv_open; return 0; }
/* end */

"gcc -o conftest -I/home/pragmatic/.rvm/rubies/ruby-1.9.2-p290/include/ruby-1.9.1/i686-linux -I/home/pragmatic/.rvm/rubies/ruby-1.9.2-p290/include/ruby-1.9.1/ruby/backward -I/home/pragmatic/.rvm/rubies/ruby-1.9.2-p290/include/ruby-1.9.1 -I.  -D_FILE_OFFSET_BITS=64   -O3 -ggdb -Wextra -Wno-unused-parameter -Wno-parentheses -Wpointer-arith -Wwrite-strings -Wno-missing-field-initializers -Wno-long-long  -fPIC conftest.c  -L. -L/home/pragmatic/.rvm/rubies/ruby-1.9.2-p290/lib -Wl,-R/home/pragmatic/.rvm/rubies/ruby-1.9.2-p290/lib -L/home/pragmatic/.rvm/rubies/ruby-1.9.2-p290/lib -Wl,-R/home/pragmatic/.rvm/rubies/ruby-1.9.2-p290/lib -L.  -rdynamic -Wl,-export-dynamic    -lz -lm -lnsl  -Wl,-R -Wl,/home/pragmatic/.rvm/rubies/ruby-1.9.2-p290/lib -L/home/pragmatic/.rvm/rubies/ruby-1.9.2-p290/lib -lruby-static -liconv -lz -lm -lnsl  -lpthread -lrt -ldl -lcrypt -lm   -lc"
/usr/bin/ld: cannot find -liconv
collect2: ld returned 1 exit status
checked program was:
/* begin */
1: #include "ruby.h"
2: 
3: /*top*/
4: int main() {return 0;}
5: int t() { libiconv_open(); return 0; }
/* end */

--------------------

have_library: checking for libiconv_open() in -llibiconv... -------------------- no

"gcc -o conftest -I/home/pragmatic/.rvm/rubies/ruby-1.9.2-p290/include/ruby-1.9.1/i686-linux -I/home/pragmatic/.rvm/rubies/ruby-1.9.2-p290/include/ruby-1.9.1/ruby/backward -I/home/pragmatic/.rvm/rubies/ruby-1.9.2-p290/include/ruby-1.9.1 -I.  -D_FILE_OFFSET_BITS=64   -O3 -ggdb -Wextra -Wno-unused-parameter -Wno-parentheses -Wpointer-arith -Wwrite-strings -Wno-missing-field-initializers -Wno-long-long  -fPIC conftest.c  -L. -L/home/pragmatic/.rvm/rubies/ruby-1.9.2-p290/lib -Wl,-R/home/pragmatic/.rvm/rubies/ruby-1.9.2-p290/lib -L/home/pragmatic/.rvm/rubies/ruby-1.9.2-p290/lib -Wl,-R/home/pragmatic/.rvm/rubies/ruby-1.9.2-p290/lib -L.  -rdynamic -Wl,-export-dynamic    -lz -lm -lnsl  -Wl,-R -Wl,/home/pragmatic/.rvm/rubies/ruby-1.9.2-p290/lib -L/home/pragmatic/.rvm/rubies/ruby-1.9.2-p290/lib -lruby-static -llibiconv -lz -lm -lnsl  -lpthread -lrt -ldl -lcrypt -lm   -lc"
conftest.c: In function ‘t’:
conftest.c:5: error: ‘libiconv_open’ undeclared (first use in this function)
conftest.c:5: error: (Each undeclared identifier is reported only once
conftest.c:5: error: for each function it appears in.)
checked program was:
/* begin */
1: #include "ruby.h"
2: 
3: /*top*/
4: int main() {return 0;}
5: int t() { void ((*volatile p)()); p = (void ((*)()))libiconv_open; return 0; }
/* end */

"gcc -o conftest -I/home/pragmatic/.rvm/rubies/ruby-1.9.2-p290/include/ruby-1.9.1/i686-linux -I/home/pragmatic/.rvm/rubies/ruby-1.9.2-p290/include/ruby-1.9.1/ruby/backward -I/home/pragmatic/.rvm/rubies/ruby-1.9.2-p290/include/ruby-1.9.1 -I.  -D_FILE_OFFSET_BITS=64   -O3 -ggdb -Wextra -Wno-unused-parameter -Wno-parentheses -Wpointer-arith -Wwrite-strings -Wno-missing-field-initializers -Wno-long-long  -fPIC conftest.c  -L. -L/home/pragmatic/.rvm/rubies/ruby-1.9.2-p290/lib -Wl,-R/home/pragmatic/.rvm/rubies/ruby-1.9.2-p290/lib -L/home/pragmatic/.rvm/rubies/ruby-1.9.2-p290/lib -Wl,-R/home/pragmatic/.rvm/rubies/ruby-1.9.2-p290/lib -L.  -rdynamic -Wl,-export-dynamic    -lz -lm -lnsl  -Wl,-R -Wl,/home/pragmatic/.rvm/rubies/ruby-1.9.2-p290/lib -L/home/pragmatic/.rvm/rubies/ruby-1.9.2-p290/lib -lruby-static -llibiconv -lz -lm -lnsl  -lpthread -lrt -ldl -lcrypt -lm   -lc"
/usr/bin/ld: cannot find -llibiconv
collect2: ld returned 1 exit status
checked program was:
/* begin */
1: #include "ruby.h"
2: 
3: /*top*/
4: int main() {return 0;}
5: int t() { libiconv_open(); return 0; }
/* end */

--------------------

have_library: checking for iconv_open() in -llibiconv... -------------------- no

"gcc -o conftest -I/home/pragmatic/.rvm/rubies/ruby-1.9.2-p290/include/ruby-1.9.1/i686-linux -I/home/pragmatic/.rvm/rubies/ruby-1.9.2-p290/include/ruby-1.9.1/ruby/backward -I/home/pragmatic/.rvm/rubies/ruby-1.9.2-p290/include/ruby-1.9.1 -I.  -D_FILE_OFFSET_BITS=64   -O3 -ggdb -Wextra -Wno-unused-parameter -Wno-parentheses -Wpointer-arith -Wwrite-strings -Wno-missing-field-initializers -Wno-long-long  -fPIC conftest.c  -L. -L/home/pragmatic/.rvm/rubies/ruby-1.9.2-p290/lib -Wl,-R/home/pragmatic/.rvm/rubies/ruby-1.9.2-p290/lib -L/home/pragmatic/.rvm/rubies/ruby-1.9.2-p290/lib -Wl,-R/home/pragmatic/.rvm/rubies/ruby-1.9.2-p290/lib -L.  -rdynamic -Wl,-export-dynamic    -lz -lm -lnsl  -Wl,-R -Wl,/home/pragmatic/.rvm/rubies/ruby-1.9.2-p290/lib -L/home/pragmatic/.rvm/rubies/ruby-1.9.2-p290/lib -lruby-static -llibiconv -lz -lm -lnsl  -lpthread -lrt -ldl -lcrypt -lm   -lc"
conftest.c: In function ‘t’:
conftest.c:5: error: ‘iconv_open’ undeclared (first use in this function)
conftest.c:5: error: (Each undeclared identifier is reported only once
conftest.c:5: error: for each function it appears in.)
checked program was:
/* begin */
1: #include "ruby.h"
2: 
3: /*top*/
4: int main() {return 0;}
5: int t() { void ((*volatile p)()); p = (void ((*)()))iconv_open; return 0; }
/* end */

"gcc -o conftest -I/home/pragmatic/.rvm/rubies/ruby-1.9.2-p290/include/ruby-1.9.1/i686-linux -I/home/pragmatic/.rvm/rubies/ruby-1.9.2-p290/include/ruby-1.9.1/ruby/backward -I/home/pragmatic/.rvm/rubies/ruby-1.9.2-p290/include/ruby-1.9.1 -I.  -D_FILE_OFFSET_BITS=64   -O3 -ggdb -Wextra -Wno-unused-parameter -Wno-parentheses -Wpointer-arith -Wwrite-strings -Wno-missing-field-initializers -Wno-long-long  -fPIC conftest.c  -L. -L/home/pragmatic/.rvm/rubies/ruby-1.9.2-p290/lib -Wl,-R/home/pragmatic/.rvm/rubies/ruby-1.9.2-p290/lib -L/home/pragmatic/.rvm/rubies/ruby-1.9.2-p290/lib -Wl,-R/home/pragmatic/.rvm/rubies/ruby-1.9.2-p290/lib -L.  -rdynamic -Wl,-export-dynamic    -lz -lm -lnsl  -Wl,-R -Wl,/home/pragmatic/.rvm/rubies/ruby-1.9.2-p290/lib -L/home/pragmatic/.rvm/rubies/ruby-1.9.2-p290/lib -lruby-static -llibiconv -lz -lm -lnsl  -lpthread -lrt -ldl -lcrypt -lm   -lc"
/usr/bin/ld: cannot find -llibiconv
collect2: ld returned 1 exit status
checked program was:
/* begin */
1: #include "ruby.h"
2: 
3: /*top*/
4: int main() {return 0;}
5: int t() { iconv_open(); return 0; }
/* end */

--------------------

have_library: checking for iconv_open() in -lc... -------------------- yes

"gcc -o conftest -I/home/pragmatic/.rvm/rubies/ruby-1.9.2-p290/include/ruby-1.9.1/i686-linux -I/home/pragmatic/.rvm/rubies/ruby-1.9.2-p290/include/ruby-1.9.1/ruby/backward -I/home/pragmatic/.rvm/rubies/ruby-1.9.2-p290/include/ruby-1.9.1 -I.  -D_FILE_OFFSET_BITS=64   -O3 -ggdb -Wextra -Wno-unused-parameter -Wno-parentheses -Wpointer-arith -Wwrite-strings -Wno-missing-field-initializers -Wno-long-long  -fPIC conftest.c  -L. -L/home/pragmatic/.rvm/rubies/ruby-1.9.2-p290/lib -Wl,-R/home/pragmatic/.rvm/rubies/ruby-1.9.2-p290/lib -L/home/pragmatic/.rvm/rubies/ruby-1.9.2-p290/lib -Wl,-R/home/pragmatic/.rvm/rubies/ruby-1.9.2-p290/lib -L.  -rdynamic -Wl,-export-dynamic    -lz -lm -lnsl  -Wl,-R -Wl,/home/pragmatic/.rvm/rubies/ruby-1.9.2-p290/lib -L/home/pragmatic/.rvm/rubies/ruby-1.9.2-p290/lib -lruby-static -lc -lz -lm -lnsl  -lpthread -lrt -ldl -lcrypt -lm   -lc"
conftest.c: In function ‘t’:
conftest.c:5: error: ‘iconv_open’ undeclared (first use in this function)
conftest.c:5: error: (Each undeclared identifier is reported only once
conftest.c:5: error: for each function it appears in.)
checked program was:
/* begin */
1: #include "ruby.h"
2: 
3: /*top*/
4: int main() {return 0;}
5: int t() { void ((*volatile p)()); p = (void ((*)()))iconv_open; return 0; }
/* end */

"gcc -o conftest -I/home/pragmatic/.rvm/rubies/ruby-1.9.2-p290/include/ruby-1.9.1/i686-linux -I/home/pragmatic/.rvm/rubies/ruby-1.9.2-p290/include/ruby-1.9.1/ruby/backward -I/home/pragmatic/.rvm/rubies/ruby-1.9.2-p290/include/ruby-1.9.1 -I.  -D_FILE_OFFSET_BITS=64   -O3 -ggdb -Wextra -Wno-unused-parameter -Wno-parentheses -Wpointer-arith -Wwrite-strings -Wno-missing-field-initializers -Wno-long-long  -fPIC conftest.c  -L. -L/home/pragmatic/.rvm/rubies/ruby-1.9.2-p290/lib -Wl,-R/home/pragmatic/.rvm/rubies/ruby-1.9.2-p290/lib -L/home/pragmatic/.rvm/rubies/ruby-1.9.2-p290/lib -Wl,-R/home/pragmatic/.rvm/rubies/ruby-1.9.2-p290/lib -L.  -rdynamic -Wl,-export-dynamic    -lz -lm -lnsl  -Wl,-R -Wl,/home/pragmatic/.rvm/rubies/ruby-1.9.2-p290/lib -L/home/pragmatic/.rvm/rubies/ruby-1.9.2-p290/lib -lruby-static -lc -lz -lm -lnsl  -lpthread -lrt -ldl -lcrypt -lm   -lc"
checked program was:
/* begin */
1: #include "ruby.h"
2: 
3: /*top*/
4: int main() {return 0;}
5: int t() { iconv_open(); return 0; }
/* end */

--------------------

have_library: checking for xmlParseDoc() in -lxml2... -------------------- yes

"gcc -o conftest -I/home/pragmatic/.rvm/rubies/ruby-1.9.2-p290/include/ruby-1.9.1/i686-linux -I/home/pragmatic/.rvm/rubies/ruby-1.9.2-p290/include/ruby-1.9.1/ruby/backward -I/home/pragmatic/.rvm/rubies/ruby-1.9.2-p290/include/ruby-1.9.1 -I.  -D_FILE_OFFSET_BITS=64   -O3 -ggdb -Wextra -Wno-unused-parameter -Wno-parentheses -Wpointer-arith -Wwrite-strings -Wno-missing-field-initializers -Wno-long-long  -fPIC conftest.c  -L. -L/home/pragmatic/.rvm/rubies/ruby-1.9.2-p290/lib -Wl,-R/home/pragmatic/.rvm/rubies/ruby-1.9.2-p290/lib -L/home/pragmatic/.rvm/rubies/ruby-1.9.2-p290/lib -Wl,-R/home/pragmatic/.rvm/rubies/ruby-1.9.2-p290/lib -L.  -rdynamic -Wl,-export-dynamic    -lc -lz -lm -lnsl  -Wl,-R -Wl,/home/pragmatic/.rvm/rubies/ruby-1.9.2-p290/lib -L/home/pragmatic/.rvm/rubies/ruby-1.9.2-p290/lib -lruby-static -lxml2 -lc -lz -lm -lnsl  -lpthread -lrt -ldl -lcrypt -lm   -lc"
conftest.c: In function ‘t’:
conftest.c:5: error: ‘xmlParseDoc’ undeclared (first use in this function)
conftest.c:5: error: (Each undeclared identifier is reported only once
conftest.c:5: error: for each function it appears in.)
checked program was:
/* begin */
1: #include "ruby.h"
2: 
3: /*top*/
4: int main() {return 0;}
5: int t() { void ((*volatile p)()); p = (void ((*)()))xmlParseDoc; return 0; }
/* end */

"gcc -o conftest -I/home/pragmatic/.rvm/rubies/ruby-1.9.2-p290/include/ruby-1.9.1/i686-linux -I/home/pragmatic/.rvm/rubies/ruby-1.9.2-p290/include/ruby-1.9.1/ruby/backward -I/home/pragmatic/.rvm/rubies/ruby-1.9.2-p290/include/ruby-1.9.1 -I.  -D_FILE_OFFSET_BITS=64   -O3 -ggdb -Wextra -Wno-unused-parameter -Wno-parentheses -Wpointer-arith -Wwrite-strings -Wno-missing-field-initializers -Wno-long-long  -fPIC conftest.c  -L. -L/home/pragmatic/.rvm/rubies/ruby-1.9.2-p290/lib -Wl,-R/home/pragmatic/.rvm/rubies/ruby-1.9.2-p290/lib -L/home/pragmatic/.rvm/rubies/ruby-1.9.2-p290/lib -Wl,-R/home/pragmatic/.rvm/rubies/ruby-1.9.2-p290/lib -L.  -rdynamic -Wl,-export-dynamic    -lc -lz -lm -lnsl  -Wl,-R -Wl,/home/pragmatic/.rvm/rubies/ruby-1.9.2-p290/lib -L/home/pragmatic/.rvm/rubies/ruby-1.9.2-p290/lib -lruby-static -lxml2 -lc -lz -lm -lnsl  -lpthread -lrt -ldl -lcrypt -lm   -lc"
checked program was:
/* begin */
1: #include "ruby.h"
2: 
3: /*top*/
4: int main() {return 0;}
5: int t() { xmlParseDoc(); return 0; }
/* end */

--------------------

have_header: checking for libxml/xmlversion.h... -------------------- no

"gcc -E -I/home/pragmatic/.rvm/rubies/ruby-1.9.2-p290/include/ruby-1.9.1/i686-linux -I/home/pragmatic/.rvm/rubies/ruby-1.9.2-p290/include/ruby-1.9.1/ruby/backward -I/home/pragmatic/.rvm/rubies/ruby-1.9.2-p290/include/ruby-1.9.1 -I.  -D_FILE_OFFSET_BITS=64   -O3 -ggdb -Wextra -Wno-unused-parameter -Wno-parentheses -Wpointer-arith -Wwrite-strings -Wno-missing-field-initializers -Wno-long-long  -fPIC  conftest.c -o conftest.i"
conftest.c:3:31: error: libxml/xmlversion.h: No such file or directory
checked program was:
/* begin */
1: #include "ruby.h"
2: 
3: #include <libxml/xmlversion.h>
/* end */

--------------------

find_header: checking for libxml/xmlversion.h in /opt/include/libxml2,/usr/local/include/libxml2,/usr/include/libxml2... -------------------- yes

"gcc -E -I/home/pragmatic/.rvm/rubies/ruby-1.9.2-p290/include/ruby-1.9.1/i686-linux -I/home/pragmatic/.rvm/rubies/ruby-1.9.2-p290/include/ruby-1.9.1/ruby/backward -I/home/pragmatic/.rvm/rubies/ruby-1.9.2-p290/include/ruby-1.9.1 -I.  -D_FILE_OFFSET_BITS=64   -O3 -ggdb -Wextra -Wno-unused-parameter -Wno-parentheses -Wpointer-arith -Wwrite-strings -Wno-missing-field-initializers -Wno-long-long  -fPIC  conftest.c -o conftest.i"
conftest.c:3:31: error: libxml/xmlversion.h: No such file or directory
checked program was:
/* begin */
1: #include "ruby.h"
2: 
3: #include <libxml/xmlversion.h>
/* end */

"gcc -E -I/home/pragmatic/.rvm/rubies/ruby-1.9.2-p290/include/ruby-1.9.1/i686-linux -I/home/pragmatic/.rvm/rubies/ruby-1.9.2-p290/include/ruby-1.9.1/ruby/backward -I/home/pragmatic/.rvm/rubies/ruby-1.9.2-p290/include/ruby-1.9.1 -I.  -D_FILE_OFFSET_BITS=64   -O3 -ggdb -Wextra -Wno-unused-parameter -Wno-parentheses -Wpointer-arith -Wwrite-strings -Wno-missing-field-initializers -Wno-long-long  -fPIC -I/opt/include/libxml2 conftest.c -o conftest.i"
conftest.c:3:31: error: libxml/xmlversion.h: No such file or directory
checked program was:
/* begin */
1: #include "ruby.h"
2: 
3: #include <libxml/xmlversion.h>
/* end */

"gcc -E -I/home/pragmatic/.rvm/rubies/ruby-1.9.2-p290/include/ruby-1.9.1/i686-linux -I/home/pragmatic/.rvm/rubies/ruby-1.9.2-p290/include/ruby-1.9.1/ruby/backward -I/home/pragmatic/.rvm/rubies/ruby-1.9.2-p290/include/ruby-1.9.1 -I.  -D_FILE_OFFSET_BITS=64   -O3 -ggdb -Wextra -Wno-unused-parameter -Wno-parentheses -Wpointer-arith -Wwrite-strings -Wno-missing-field-initializers -Wno-long-long  -fPIC -I/usr/local/include/libxml2 conftest.c -o conftest.i"
conftest.c:3:31: error: libxml/xmlversion.h: No such file or directory
checked program was:
/* begin */
1: #include "ruby.h"
2: 
3: #include <libxml/xmlversion.h>
/* end */

"gcc -E -I/home/pragmatic/.rvm/rubies/ruby-1.9.2-p290/include/ruby-1.9.1/i686-linux -I/home/pragmatic/.rvm/rubies/ruby-1.9.2-p290/include/ruby-1.9.1/ruby/backward -I/home/pragmatic/.rvm/rubies/ruby-1.9.2-p290/include/ruby-1.9.1 -I.  -D_FILE_OFFSET_BITS=64   -O3 -ggdb -Wextra -Wno-unused-parameter -Wno-parentheses -Wpointer-arith -Wwrite-strings -Wno-missing-field-initializers -Wno-long-long  -fPIC -I/usr/include/libxml2 conftest.c -o conftest.i"
checked program was:
/* begin */
1: #include "ruby.h"
2: 
3: #include <libxml/xmlversion.h>
/* end */

--------------------

